[2019-07-13T09:59:31.429] [DEBUG] cheese - login => username:zs,password:123
[2019-07-13T09:59:31.431] [DEBUG] cheese - zs
[2019-07-13T09:59:31.440] [DEBUG] cheese - null
[2019-07-13T09:59:31.440] [DEBUG] cheese - null
[2019-07-15T08:27:04.529] [DEBUG] cheese - login => username:admin,password:123456
[2019-07-15T08:27:04.531] [DEBUG] cheese - admin
[2019-07-15T08:27:04.554] [DEBUG] cheese - null
[2019-07-15T08:27:04.555] [DEBUG] cheese - null
[2019-07-15T09:54:05.407] [DEBUG] cheese - login => username:admin,password:123456
[2019-07-15T09:54:05.408] [DEBUG] cheese - admin
[2019-07-15T09:54:05.413] [DEBUG] cheese - null
[2019-07-15T09:54:05.414] [DEBUG] cheese - null
[2019-07-15T09:54:36.881] [DEBUG] cheese - login => username:admin,password:123456
[2019-07-15T09:54:36.881] [DEBUG] cheese - admin
[2019-07-15T09:54:36.884] [DEBUG] cheese - null
[2019-07-15T09:54:36.884] [DEBUG] cheese - null
[2019-07-15T09:55:39.070] [DEBUG] cheese - login => username:admin,password:123456
[2019-07-15T09:55:39.070] [DEBUG] cheese - admin
[2019-07-15T09:55:39.074] [DEBUG] cheese - null
[2019-07-15T09:55:39.074] [DEBUG] cheese - null
[2019-07-15T09:56:37.958] [DEBUG] cheese - login => username:admin,password:123456
[2019-07-15T09:56:37.958] [DEBUG] cheese - admin
[2019-07-15T09:56:37.963] [DEBUG] cheese - null
[2019-07-15T09:56:37.963] [DEBUG] cheese - null
[2019-07-15T09:56:39.790] [DEBUG] cheese - login => username:admin,password:123456
[2019-07-15T09:56:39.790] [DEBUG] cheese - admin
[2019-07-15T09:56:39.793] [DEBUG] cheese - null
[2019-07-15T09:56:39.794] [DEBUG] cheese - null
[2019-07-15T09:56:39.955] [DEBUG] cheese - login => username:admin,password:123456
[2019-07-15T09:56:39.955] [DEBUG] cheese - admin
[2019-07-15T09:56:39.958] [DEBUG] cheese - null
[2019-07-15T09:56:39.958] [DEBUG] cheese - null
[2019-07-15T09:56:40.255] [DEBUG] cheese - login => username:admin,password:123456
[2019-07-15T09:56:40.256] [DEBUG] cheese - admin
[2019-07-15T09:56:40.259] [DEBUG] cheese - null
[2019-07-15T09:56:40.259] [DEBUG] cheese - null
[2019-07-15T09:56:52.062] [DEBUG] cheese - login => username:admin,password:123456
[2019-07-15T09:56:52.062] [DEBUG] cheese - admin
[2019-07-15T09:56:52.069] [DEBUG] cheese - null
[2019-07-15T09:56:52.069] [DEBUG] cheese - null
[2019-07-15T09:56:52.992] [DEBUG] cheese - login => username:admin,password:123456
[2019-07-15T09:56:52.993] [DEBUG] cheese - admin
[2019-07-15T09:56:52.995] [DEBUG] cheese - null
[2019-07-15T09:56:52.995] [DEBUG] cheese - null
[2019-07-15T09:57:13.132] [DEBUG] cheese - login => username:admin,password:123456
[2019-07-15T09:57:13.132] [DEBUG] cheese - admin
[2019-07-15T09:57:13.135] [DEBUG] cheese - null
[2019-07-15T09:57:13.135] [DEBUG] cheese - null
[2019-07-15T09:57:44.979] [DEBUG] cheese - login => username:admin,password:123456
[2019-07-15T09:57:44.979] [DEBUG] cheese - admin
[2019-07-15T09:57:44.983] [DEBUG] cheese - null
[2019-07-15T09:57:44.983] [DEBUG] cheese - null
[2019-07-15T09:58:13.235] [DEBUG] cheese - login => username:admin,password:123456
[2019-07-15T09:58:13.235] [DEBUG] cheese - admin
[2019-07-15T09:58:13.238] [DEBUG] cheese - null
[2019-07-15T09:58:13.238] [DEBUG] cheese - null
[2019-07-15T09:58:29.333] [DEBUG] cheese - login => username:admin,password:123456
[2019-07-15T09:58:29.333] [DEBUG] cheese - admin
[2019-07-15T09:58:29.337] [DEBUG] cheese - null
[2019-07-15T09:58:29.337] [DEBUG] cheese - null
[2019-07-15T09:58:59.615] [DEBUG] cheese - login => username:admin,password:123456
[2019-07-15T09:58:59.615] [DEBUG] cheese - admin
[2019-07-15T09:58:59.617] [DEBUG] cheese - null
[2019-07-15T09:58:59.617] [DEBUG] cheese - null
[2019-07-15T09:59:13.062] [DEBUG] cheese - login => username:admin,password:123456
[2019-07-15T09:59:13.062] [DEBUG] cheese - admin
[2019-07-15T09:59:13.065] [DEBUG] cheese - null
[2019-07-15T09:59:13.065] [DEBUG] cheese - null
[2019-07-15T09:59:23.847] [DEBUG] cheese - login => username:admin,password:123456
[2019-07-15T09:59:23.847] [DEBUG] cheese - admin
[2019-07-15T09:59:23.850] [DEBUG] cheese - null
[2019-07-15T09:59:23.850] [DEBUG] cheese - null
[2019-07-15T09:59:39.759] [DEBUG] cheese - login => username:admin,password:123456
[2019-07-15T09:59:39.759] [DEBUG] cheese - admin
[2019-07-15T09:59:39.763] [DEBUG] cheese - null
[2019-07-15T09:59:39.763] [DEBUG] cheese - null
[2019-07-15T09:59:49.986] [DEBUG] cheese - login => username:admin,password:123456
[2019-07-15T09:59:49.986] [DEBUG] cheese - admin
[2019-07-15T09:59:49.990] [DEBUG] cheese - null
[2019-07-15T09:59:49.990] [DEBUG] cheese - null
[2019-07-15T10:00:47.502] [DEBUG] cheese - login => username:admin,password:123456
[2019-07-15T10:00:47.502] [DEBUG] cheese - admin
[2019-07-15T10:00:47.507] [DEBUG] cheese - null
[2019-07-15T10:00:47.507] [DEBUG] cheese - null
[2019-07-15T10:00:49.329] [DEBUG] cheese - login => username:admin,password:123456
[2019-07-15T10:00:49.329] [DEBUG] cheese - admin
[2019-07-15T10:00:49.334] [DEBUG] cheese - null
[2019-07-15T10:00:49.334] [DEBUG] cheese - null
[2019-07-15T10:00:50.998] [DEBUG] cheese - login => username:admin,password:123456
[2019-07-15T10:00:50.998] [DEBUG] cheese - admin
[2019-07-15T10:00:51.003] [DEBUG] cheese - null
[2019-07-15T10:00:51.003] [DEBUG] cheese - null
[2019-07-15T10:01:35.474] [DEBUG] cheese - login => username:admin,password:123456
[2019-07-15T10:01:35.474] [DEBUG] cheese - admin
[2019-07-15T10:01:35.478] [DEBUG] cheese - null
[2019-07-15T10:01:35.478] [DEBUG] cheese - null
[2019-07-15T10:02:00.773] [DEBUG] cheese - login => username:admin,password:123456
[2019-07-15T10:02:00.773] [DEBUG] cheese - admin
[2019-07-15T10:02:00.779] [DEBUG] cheese - null
[2019-07-15T10:02:00.779] [DEBUG] cheese - null
[2019-07-15T10:02:19.371] [DEBUG] cheese - login => username:admin,password:123456
[2019-07-15T10:02:19.371] [DEBUG] cheese - admin
[2019-07-15T10:02:19.374] [DEBUG] cheese - null
[2019-07-15T10:02:19.374] [DEBUG] cheese - null
[2019-07-15T10:04:05.279] [DEBUG] cheese - login => username:admin,password:123456
[2019-07-15T10:04:05.280] [DEBUG] cheese - admin
[2019-07-15T10:04:05.283] [DEBUG] cheese - null
[2019-07-15T10:04:05.283] [DEBUG] cheese - null
[2019-07-15T10:07:28.059] [DEBUG] cheese - login => username:ads,password:123456
[2019-07-15T10:07:28.060] [DEBUG] cheese - ads
[2019-07-15T10:07:28.064] [DEBUG] cheese - null
[2019-07-15T10:07:28.064] [DEBUG] cheese - null
[2019-07-15T10:07:31.223] [DEBUG] cheese - login => username:ads,password:123456
[2019-07-15T10:07:31.223] [DEBUG] cheese - ads
[2019-07-15T10:07:31.226] [DEBUG] cheese - null
[2019-07-15T10:07:31.226] [DEBUG] cheese - null
[2019-07-15T10:07:31.764] [DEBUG] cheese - login => username:ads,password:123456
[2019-07-15T10:07:31.765] [DEBUG] cheese - ads
[2019-07-15T10:07:31.769] [DEBUG] cheese - null
[2019-07-15T10:07:31.769] [DEBUG] cheese - null
[2019-07-15T10:10:44.833] [DEBUG] cheese - login => username:admi,password:123456
[2019-07-15T10:10:44.833] [DEBUG] cheese - admi
[2019-07-15T10:10:44.836] [DEBUG] cheese - null
[2019-07-15T10:10:44.837] [DEBUG] cheese - null
[2019-07-15T10:10:56.417] [DEBUG] cheese - login => username:admi,password:123456
[2019-07-15T10:10:56.417] [DEBUG] cheese - admi
[2019-07-15T10:10:56.421] [DEBUG] cheese - null
[2019-07-15T10:10:56.421] [DEBUG] cheese - null
[2019-07-15T10:11:45.294] [DEBUG] cheese - login => username:admi,password:123456
[2019-07-15T10:11:45.294] [DEBUG] cheese - admi
[2019-07-15T10:11:45.297] [DEBUG] cheese - null
[2019-07-15T10:11:45.297] [DEBUG] cheese - null
[2019-07-15T10:13:53.214] [DEBUG] cheese - login => username:admi,password:123456
[2019-07-15T10:13:53.214] [DEBUG] cheese - admi
[2019-07-15T10:13:53.217] [DEBUG] cheese - null
[2019-07-15T10:13:53.217] [DEBUG] cheese - null
[2019-07-15T10:16:00.418] [DEBUG] cheese - login => username:admin,password:123456
[2019-07-15T10:16:00.418] [DEBUG] cheese - admin
[2019-07-15T10:16:00.422] [DEBUG] cheese - null
[2019-07-15T10:16:00.422] [DEBUG] cheese - null
[2019-07-15T10:16:32.740] [DEBUG] cheese - login => username:admin,password:123456
[2019-07-15T10:16:32.740] [DEBUG] cheese - admin
[2019-07-15T10:16:32.743] [DEBUG] cheese - null
[2019-07-15T10:16:32.743] [DEBUG] cheese - null
[2019-07-15T10:17:21.634] [DEBUG] cheese - login => username:admi,password:123456
[2019-07-15T10:17:21.634] [DEBUG] cheese - admi
[2019-07-15T10:17:21.638] [DEBUG] cheese - null
[2019-07-15T10:17:21.638] [DEBUG] cheese - null
[2019-07-15T10:22:59.112] [DEBUG] cheese - login => username:admin,password:123456
[2019-07-15T10:22:59.112] [DEBUG] cheese - admin
[2019-07-15T10:22:59.116] [DEBUG] cheese - null
[2019-07-15T10:22:59.116] [DEBUG] cheese - null
[2019-07-15T10:25:24.115] [DEBUG] cheese - login => username:admin,password:123456
[2019-07-15T10:25:24.115] [DEBUG] cheese - admin
[2019-07-15T10:25:24.118] [DEBUG] cheese - null
[2019-07-15T10:25:24.118] [DEBUG] cheese - null
[2019-07-15T10:28:13.734] [DEBUG] cheese - login => username:admin,password:123456
[2019-07-15T10:28:13.734] [DEBUG] cheese - admin
[2019-07-15T10:28:13.736] [DEBUG] cheese - null
[2019-07-15T10:28:13.736] [DEBUG] cheese - null
[2019-07-15T10:28:57.240] [DEBUG] cheese - login => username:admin,password:123456
[2019-07-15T10:28:57.240] [DEBUG] cheese - admin
[2019-07-15T10:28:57.243] [DEBUG] cheese - null
[2019-07-15T10:28:57.243] [DEBUG] cheese - null
[2019-07-15T10:37:08.203] [DEBUG] cheese - login => username:admin,password:123456
[2019-07-15T10:37:08.203] [DEBUG] cheese - admin
[2019-07-15T10:37:08.207] [DEBUG] cheese - null
[2019-07-15T10:37:08.207] [DEBUG] cheese - null
[2019-07-15T10:41:18.483] [DEBUG] cheese - login => username:admin,password:123456
[2019-07-15T10:41:18.483] [DEBUG] cheese - admin
[2019-07-15T10:41:18.487] [DEBUG] cheese - null
[2019-07-15T10:41:18.487] [DEBUG] cheese - null
[2019-07-15T10:41:29.353] [DEBUG] cheese - login => username:admin,password:123456
[2019-07-15T10:41:29.353] [DEBUG] cheese - admin
[2019-07-15T10:41:29.355] [DEBUG] cheese - null
[2019-07-15T10:41:29.356] [DEBUG] cheese - null
[2019-07-15T10:41:37.168] [DEBUG] cheese - login => username:admin,password:123456
[2019-07-15T10:41:37.168] [DEBUG] cheese - admin
[2019-07-15T10:41:37.171] [DEBUG] cheese - null
[2019-07-15T10:41:37.171] [DEBUG] cheese - null
[2019-07-15T10:41:59.506] [DEBUG] cheese - login => username:admin,password:123456
[2019-07-15T10:41:59.506] [DEBUG] cheese - admin
[2019-07-15T10:41:59.510] [DEBUG] cheese - null
[2019-07-15T10:41:59.510] [DEBUG] cheese - null
[2019-07-15T10:44:04.831] [DEBUG] cheese - login => username:admin,password:123456
[2019-07-15T10:44:04.831] [DEBUG] cheese - admin
[2019-07-15T10:44:04.835] [DEBUG] cheese - null
[2019-07-15T10:44:04.835] [DEBUG] cheese - null
[2019-07-15T10:44:43.283] [DEBUG] cheese - login => username:admin,password:123456
[2019-07-15T10:44:43.283] [DEBUG] cheese - admin
[2019-07-15T10:44:43.285] [DEBUG] cheese - null
[2019-07-15T10:44:43.285] [DEBUG] cheese - null
[2019-07-15T10:47:20.461] [DEBUG] cheese - login => username:admin,password:123456
[2019-07-15T10:47:20.461] [DEBUG] cheese - admin
[2019-07-15T10:47:20.464] [DEBUG] cheese - null
[2019-07-15T10:47:20.464] [DEBUG] cheese - null
[2019-07-15T10:47:41.088] [DEBUG] cheese - login => username:admin,password:123456
[2019-07-15T10:47:41.089] [DEBUG] cheese - admin
[2019-07-15T10:47:41.092] [DEBUG] cheese - null
[2019-07-15T10:47:41.092] [DEBUG] cheese - null
[2019-07-15T10:47:47.296] [DEBUG] cheese - login => username:admin,password:123456
[2019-07-15T10:47:47.296] [DEBUG] cheese - admin
[2019-07-15T10:47:47.300] [DEBUG] cheese - null
[2019-07-15T10:47:47.300] [DEBUG] cheese - null
[2019-07-15T11:00:07.222] [DEBUG] cheese - login => username:admin,password:123456
[2019-07-15T11:00:07.222] [DEBUG] cheese - admin
[2019-07-15T11:00:07.225] [DEBUG] cheese - null
[2019-07-15T11:00:07.226] [DEBUG] cheese - null
[2019-07-15T11:00:47.270] [DEBUG] cheese - login => username:admin,password:123456
[2019-07-15T11:00:47.270] [DEBUG] cheese - admin
[2019-07-15T11:00:47.274] [DEBUG] cheese - null
[2019-07-15T11:00:47.274] [DEBUG] cheese - null
[2019-07-15T11:09:47.531] [DEBUG] cheese - login => username:admin,password:123456
[2019-07-15T11:09:47.531] [DEBUG] cheese - admin
[2019-07-15T11:09:47.535] [DEBUG] cheese - null
[2019-07-15T11:09:47.535] [DEBUG] cheese - null
[2019-07-15T11:24:09.819] [DEBUG] cheese - login => username:admin,password:123456
[2019-07-15T11:24:09.820] [DEBUG] cheese - admin
[2019-07-15T11:24:09.825] [DEBUG] cheese - null
[2019-07-15T11:24:09.825] [DEBUG] cheese - null
[2019-07-15T12:28:08.982] [DEBUG] cheese - login => username:admin,password:123456
[2019-07-15T12:28:08.982] [DEBUG] cheese - admin
[2019-07-15T12:28:08.985] [DEBUG] cheese - null
[2019-07-15T12:28:08.985] [DEBUG] cheese - null
[2019-07-15T13:47:47.435] [DEBUG] cheese - login => username:admin,password:123456
[2019-07-15T13:47:47.435] [DEBUG] cheese - admin
[2019-07-15T13:47:47.438] [DEBUG] cheese - null
[2019-07-15T13:47:47.438] [DEBUG] cheese - null
[2019-07-15T14:54:30.257] [DEBUG] cheese - login => username:admin,password:123456
[2019-07-15T14:54:30.257] [DEBUG] cheese - admin
[2019-07-15T14:54:30.261] [DEBUG] cheese - null
[2019-07-15T14:54:30.261] [DEBUG] cheese - null
[2019-07-15T14:54:55.155] [DEBUG] cheese - login => username:admin,password:123456
[2019-07-15T14:54:55.155] [DEBUG] cheese - admin
[2019-07-15T14:54:55.158] [DEBUG] cheese - null
[2019-07-15T14:54:55.159] [DEBUG] cheese - null
[2019-07-15T14:56:02.263] [DEBUG] cheese - login => username:admin,password:123456
[2019-07-15T14:56:02.263] [DEBUG] cheese - admin
[2019-07-15T14:56:02.266] [DEBUG] cheese - null
[2019-07-15T14:56:02.266] [DEBUG] cheese - null
[2019-07-16T08:11:08.259] [DEBUG] cheese - login => username:admin,password:123456
[2019-07-16T08:11:08.261] [DEBUG] cheese - admin
[2019-07-16T08:11:08.302] [DEBUG] cheese - null
[2019-07-16T08:11:08.302] [DEBUG] cheese - null
[2019-07-16T08:45:23.740] [DEBUG] cheese - login => username:admin,password:123456
[2019-07-16T08:45:23.740] [DEBUG] cheese - admin
[2019-07-16T08:45:23.744] [DEBUG] cheese - null
[2019-07-16T08:45:23.744] [DEBUG] cheese - null
[2019-07-16T13:34:16.001] [DEBUG] cheese - login => username:admin,password:123456
[2019-07-16T13:34:16.001] [DEBUG] cheese - admin
[2019-07-16T13:34:16.004] [DEBUG] cheese - null
[2019-07-16T13:34:16.004] [DEBUG] cheese - null
[2019-07-16T13:34:22.004] [DEBUG] cheese - login => username:admin,password:123456sss
[2019-07-16T13:34:22.004] [DEBUG] cheese - admin
[2019-07-16T13:34:22.007] [DEBUG] cheese - null
[2019-07-16T13:34:22.007] [DEBUG] cheese - null
[2019-07-16T13:35:38.472] [DEBUG] cheese - login => username:admin,password:123456
[2019-07-16T13:35:38.472] [DEBUG] cheese - admin
[2019-07-16T13:35:38.474] [DEBUG] cheese - null
[2019-07-16T13:35:38.474] [DEBUG] cheese - null
[2019-07-16T13:35:44.218] [DEBUG] cheese - login => username:admin,password:123456ss
[2019-07-16T13:35:44.218] [DEBUG] cheese - admin
[2019-07-16T13:35:44.221] [DEBUG] cheese - null
[2019-07-16T13:35:44.221] [DEBUG] cheese - null
[2019-07-16T13:35:45.992] [DEBUG] cheese - login => username:admin,password:123456sssss
[2019-07-16T13:35:45.992] [DEBUG] cheese - admin
[2019-07-16T13:35:45.994] [DEBUG] cheese - null
[2019-07-16T13:35:45.994] [DEBUG] cheese - null
[2019-07-16T13:36:05.226] [DEBUG] cheese - login => username:admin,password:123456
[2019-07-16T13:36:05.226] [DEBUG] cheese - admin
[2019-07-16T13:36:05.229] [DEBUG] cheese - null
[2019-07-16T13:36:05.229] [DEBUG] cheese - null
[2019-07-16T13:36:12.521] [DEBUG] cheese - login => username:admin,password:123456sss
[2019-07-16T13:36:12.522] [DEBUG] cheese - admin
[2019-07-16T13:36:12.524] [DEBUG] cheese - null
[2019-07-16T13:36:12.524] [DEBUG] cheese - null
[2019-07-16T13:36:54.140] [DEBUG] cheese - login => username:admin,password:123456
[2019-07-16T13:36:54.140] [DEBUG] cheese - admin
[2019-07-16T13:36:54.144] [DEBUG] cheese - null
[2019-07-16T13:36:54.144] [DEBUG] cheese - null
[2019-07-16T13:39:10.659] [DEBUG] cheese - login => username:admin,password:123456ss
[2019-07-16T13:39:10.659] [DEBUG] cheese - admin
[2019-07-16T13:39:10.662] [DEBUG] cheese - null
[2019-07-16T13:39:10.662] [DEBUG] cheese - null
[2019-07-16T13:39:11.734] [DEBUG] cheese - login => username:admin,password:123456ss
[2019-07-16T13:39:11.734] [DEBUG] cheese - admin
[2019-07-16T13:39:11.736] [DEBUG] cheese - null
[2019-07-16T13:39:11.737] [DEBUG] cheese - null
[2019-07-16T13:39:44.856] [DEBUG] cheese - login => username:admin,password:123456aaa
[2019-07-16T13:39:44.856] [DEBUG] cheese - admin
[2019-07-16T13:39:44.860] [DEBUG] cheese - null
[2019-07-16T13:39:44.860] [DEBUG] cheese - null
[2019-07-16T13:40:09.439] [DEBUG] cheese - login => username:admin,password:123456ss
[2019-07-16T13:40:09.440] [DEBUG] cheese - admin
[2019-07-16T13:40:09.443] [DEBUG] cheese - null
[2019-07-16T13:40:09.443] [DEBUG] cheese - null
[2019-07-16T13:53:38.024] [DEBUG] cheese - login => username:admin,password:1234561
[2019-07-16T13:53:38.024] [DEBUG] cheese - admin
[2019-07-16T13:53:38.027] [DEBUG] cheese - null
[2019-07-16T13:53:38.027] [DEBUG] cheese - null
[2019-07-16T13:59:40.386] [DEBUG] cheese - login => username:admin,password:123456
[2019-07-16T13:59:40.386] [DEBUG] cheese - admin
[2019-07-16T13:59:40.388] [DEBUG] cheese - null
[2019-07-16T13:59:40.388] [DEBUG] cheese - null
[2019-07-16T14:42:36.020] [DEBUG] cheese - login => username:admin,password:123456
[2019-07-16T14:42:36.020] [DEBUG] cheese - admin
[2019-07-16T14:42:36.024] [DEBUG] cheese - null
[2019-07-16T14:42:36.024] [DEBUG] cheese - null
[2019-07-16T18:45:52.614] [DEBUG] cheese - login => username:admin,password:123456
[2019-07-16T18:45:52.614] [DEBUG] cheese - admin
[2019-07-16T18:45:52.617] [DEBUG] cheese - null
[2019-07-16T18:45:52.617] [DEBUG] cheese - null
[2019-07-16T18:51:35.636] [DEBUG] cheese - login => username:admin,password:123456
[2019-07-16T18:51:35.636] [DEBUG] cheese - admin
[2019-07-16T18:51:35.639] [DEBUG] cheese - null
[2019-07-16T18:51:35.640] [DEBUG] cheese - null
[2019-07-17T08:55:44.472] [DEBUG] cheese - login => username:admin,password:123456
[2019-07-17T08:55:44.475] [DEBUG] cheese - admin
[2019-07-17T08:55:44.506] [DEBUG] cheese - null
[2019-07-17T08:55:44.506] [DEBUG] cheese - null
[2019-07-17T09:03:34.562] [DEBUG] cheese - login => username:admin,password:123456
[2019-07-17T09:03:34.562] [DEBUG] cheese - admin
[2019-07-17T09:03:34.567] [DEBUG] cheese - null
[2019-07-17T09:03:34.567] [DEBUG] cheese - null
[2019-07-17T09:53:12.959] [DEBUG] cheese - login => username:admin,password:123456
[2019-07-17T09:53:12.959] [DEBUG] cheese - admin
[2019-07-17T09:53:12.962] [DEBUG] cheese - null
[2019-07-17T09:53:12.962] [DEBUG] cheese - null
[2019-07-17T13:16:29.808] [DEBUG] cheese - login => username:admin,password:123456
[2019-07-17T13:16:29.808] [DEBUG] cheese - admin
[2019-07-17T13:16:29.811] [DEBUG] cheese - null
[2019-07-17T13:16:29.812] [DEBUG] cheese - null
[2019-07-17T13:18:27.709] [DEBUG] cheese - login => username:admin,password:123456
[2019-07-17T13:18:27.709] [DEBUG] cheese - admin
[2019-07-17T13:18:27.712] [DEBUG] cheese - null
[2019-07-17T13:18:27.712] [DEBUG] cheese - null
[2019-07-17T13:19:54.754] [DEBUG] cheese - login => username:admin,password:123456
[2019-07-17T13:19:54.754] [DEBUG] cheese - admin
[2019-07-17T13:19:54.757] [DEBUG] cheese - null
[2019-07-17T13:19:54.757] [DEBUG] cheese - null
[2019-07-17T13:22:35.212] [DEBUG] cheese - login => username:admin,password:123456
[2019-07-17T13:22:35.212] [DEBUG] cheese - admin
[2019-07-17T13:22:35.214] [DEBUG] cheese - null
[2019-07-17T13:22:35.215] [DEBUG] cheese - null
[2019-07-17T13:28:29.868] [DEBUG] cheese - null
[2019-07-17T13:28:41.894] [DEBUG] cheese - null
[2019-07-17T15:44:27.381] [DEBUG] cheese - login => username:admin,password:123456
[2019-07-17T15:44:27.383] [DEBUG] cheese - admin
[2019-07-17T15:44:27.389] [DEBUG] cheese - null
[2019-07-17T15:44:27.389] [DEBUG] cheese - null
[2019-07-18T09:18:20.853] [DEBUG] cheese - login => username:admin,password:123456
[2019-07-18T09:18:20.856] [DEBUG] cheese - admin
[2019-07-18T09:18:20.885] [DEBUG] cheese - null
[2019-07-18T09:18:20.886] [DEBUG] cheese - null
[2019-07-18T09:41:46.640] [DEBUG] cheese - null
[2019-07-18T09:42:05.250] [DEBUG] cheese - null
[2019-07-18T09:43:13.941] [DEBUG] cheese - null
[2019-07-18T09:44:21.682] [DEBUG] cheese - null
[2019-07-18T09:44:26.822] [DEBUG] cheese - null
[2019-07-18T09:44:31.268] [DEBUG] cheese - null
[2019-07-18T19:11:37.873] [DEBUG] cheese - login => username:admin,password:123456
[2019-07-18T19:11:37.875] [DEBUG] cheese - admin
[2019-07-18T19:11:37.913] [DEBUG] cheese - null
[2019-07-18T19:11:37.913] [DEBUG] cheese - null
[2019-07-19T08:26:20.790] [DEBUG] cheese - login => username:admin,password:123456
[2019-07-19T08:26:20.792] [DEBUG] cheese - admin
[2019-07-19T08:26:20.829] [DEBUG] cheese - null
[2019-07-19T08:26:20.829] [DEBUG] cheese - null
[2019-07-19T08:32:43.371] [DEBUG] cheese - null
[2019-07-19T08:32:46.169] [DEBUG] cheese - null
[2019-07-19T08:32:48.709] [DEBUG] cheese - null
[2019-07-19T08:49:53.375] [DEBUG] cheese - login => username:admin,password:123456
[2019-07-19T08:49:53.376] [DEBUG] cheese - admin
[2019-07-19T08:49:53.380] [DEBUG] cheese - null
[2019-07-19T08:49:53.381] [DEBUG] cheese - null
[2019-07-19T08:50:50.844] [DEBUG] cheese - login => username:admin,password:123456
[2019-07-19T08:50:50.844] [DEBUG] cheese - admin
[2019-07-19T08:50:50.847] [DEBUG] cheese - null
[2019-07-19T08:50:50.847] [DEBUG] cheese - null
[2019-07-19T11:15:05.004] [DEBUG] cheese - login => username:admin,password:123456
[2019-07-19T11:15:05.004] [DEBUG] cheese - admin
[2019-07-19T11:15:05.009] [DEBUG] cheese - null
[2019-07-19T11:15:05.009] [DEBUG] cheese - null
[2019-07-19T13:25:21.765] [DEBUG] cheese - login => username:admin,password:123456
[2019-07-19T13:25:21.765] [DEBUG] cheese - admin
[2019-07-19T13:25:21.769] [DEBUG] cheese - null
[2019-07-19T13:25:21.769] [DEBUG] cheese - null
[2019-07-19T13:26:00.969] [DEBUG] cheese - login => username:admin,password:123456
[2019-07-19T13:26:00.969] [DEBUG] cheese - admin
[2019-07-19T13:26:00.972] [DEBUG] cheese - null
[2019-07-19T13:26:00.972] [DEBUG] cheese - null
[2019-07-19T13:37:57.946] [DEBUG] cheese - login => username:admin,password:123456
[2019-07-19T13:37:57.946] [DEBUG] cheese - admin
[2019-07-19T13:37:57.951] [DEBUG] cheese - null
[2019-07-19T13:37:57.951] [DEBUG] cheese - null
[2019-07-19T13:59:50.833] [DEBUG] cheese - login => username:admin,password:123456
[2019-07-19T13:59:50.833] [DEBUG] cheese - admin
[2019-07-19T13:59:50.836] [DEBUG] cheese - null
[2019-07-19T13:59:50.836] [DEBUG] cheese - null
[2019-07-19T19:12:05.713] [DEBUG] cheese - login => username:admin,password:123456
[2019-07-19T19:12:05.716] [DEBUG] cheese - admin
[2019-07-19T19:12:05.721] [DEBUG] cheese - null
[2019-07-19T19:12:05.721] [DEBUG] cheese - null
[2019-07-19T19:12:49.745] [DEBUG] cheese - login => username:admin,password:123456
[2019-07-19T19:12:49.746] [DEBUG] cheese - admin
[2019-07-19T19:12:49.750] [DEBUG] cheese - null
[2019-07-19T19:12:49.751] [DEBUG] cheese - null
[2019-07-19T19:22:15.688] [DEBUG] cheese - login => username:admin,password:123456
[2019-07-19T19:22:15.688] [DEBUG] cheese - admin
[2019-07-19T19:22:15.691] [DEBUG] cheese - null
[2019-07-19T19:22:15.691] [DEBUG] cheese - null
[2019-07-20T14:39:39.042] [DEBUG] cheese - login => username:admin,password:123456
[2019-07-20T14:39:39.044] [DEBUG] cheese - admin
[2019-07-20T14:39:39.083] [DEBUG] cheese - null
[2019-07-20T14:39:39.084] [DEBUG] cheese - null
[2019-07-20T14:43:00.716] [DEBUG] cheese - null
[2019-07-20T14:43:19.498] [DEBUG] cheese - login => username:admin,password:123456
[2019-07-20T14:43:19.498] [DEBUG] cheese - admin
[2019-07-20T14:43:19.501] [DEBUG] cheese - null
[2019-07-20T14:43:19.502] [DEBUG] cheese - null
[2019-07-20T15:49:37.941] [DEBUG] cheese - login => username:admin,password:123456
[2019-07-20T15:49:37.943] [DEBUG] cheese - admin
[2019-07-20T15:49:37.959] [DEBUG] cheese - login => username:admin,password:123456
[2019-07-20T15:49:37.959] [DEBUG] cheese - admin
[2019-07-20T15:49:37.963] [DEBUG] cheese - login => username:admin,password:123456
[2019-07-20T15:49:37.963] [DEBUG] cheese - admin
[2019-07-20T15:49:37.967] [DEBUG] cheese - login => username:admin,password:123456
[2019-07-20T15:49:37.967] [DEBUG] cheese - admin
[2019-07-20T15:49:37.980] [DEBUG] cheese - null
[2019-07-20T15:49:57.550] [DEBUG] cheese - login => username:admin,password:123456
[2019-07-20T15:49:57.552] [DEBUG] cheese - admin
[2019-07-20T15:49:57.563] [DEBUG] cheese - null
[2019-07-20T15:49:57.564] [DEBUG] cheese - null
[2019-07-20T15:58:01.452] [DEBUG] cheese - login => username:admin,password:123456
[2019-07-20T15:58:01.452] [DEBUG] cheese - admin
[2019-07-20T15:58:01.455] [DEBUG] cheese - null
[2019-07-20T15:58:01.455] [DEBUG] cheese - null
[2019-07-21T08:24:50.737] [DEBUG] cheese - login => username:admin,password:123456
[2019-07-21T08:24:50.739] [DEBUG] cheese - admin
[2019-07-21T08:24:50.788] [DEBUG] cheese - null
[2019-07-21T08:24:50.788] [DEBUG] cheese - null
[2019-07-21T08:26:33.444] [DEBUG] cheese - login => username:admin,password:123456
[2019-07-21T08:26:33.444] [DEBUG] cheese - admin
[2019-07-21T08:26:33.449] [DEBUG] cheese - null
[2019-07-21T08:26:33.449] [DEBUG] cheese - null
[2019-07-21T08:33:12.778] [DEBUG] cheese - login => username:admin,password:123456
[2019-07-21T08:33:12.778] [DEBUG] cheese - admin
[2019-07-21T08:33:12.782] [DEBUG] cheese - null
[2019-07-21T08:33:12.782] [DEBUG] cheese - null
[2019-07-21T08:42:43.406] [DEBUG] cheese - login => username:admin,password:123456
[2019-07-21T08:42:43.407] [DEBUG] cheese - admin
[2019-07-21T08:42:43.411] [DEBUG] cheese - null
[2019-07-21T08:42:43.411] [DEBUG] cheese - null
[2019-07-21T09:00:03.876] [DEBUG] cheese - login => username:admin,password:123456
[2019-07-21T09:00:03.876] [DEBUG] cheese - admin
[2019-07-21T09:00:03.879] [DEBUG] cheese - null
[2019-07-21T09:00:03.879] [DEBUG] cheese - null
[2019-07-21T09:00:48.132] [DEBUG] cheese - login => username:admin,password:123456
[2019-07-21T09:00:48.132] [DEBUG] cheese - admin
[2019-07-21T09:00:48.135] [DEBUG] cheese - null
[2019-07-21T09:00:48.135] [DEBUG] cheese - null
[2019-07-21T18:46:11.526] [DEBUG] cheese - login => username:admin,password:123456
[2019-07-21T18:46:11.526] [DEBUG] cheese - admin
[2019-07-21T18:46:11.531] [DEBUG] cheese - null
[2019-07-21T18:46:11.531] [DEBUG] cheese - null
[2019-07-21T18:46:30.524] [DEBUG] cheese - login => username:admin,password:123456
[2019-07-21T18:46:30.524] [DEBUG] cheese - admin
[2019-07-21T18:46:30.527] [DEBUG] cheese - null
[2019-07-21T18:46:30.527] [DEBUG] cheese - null
[2019-07-21T19:58:55.665] [DEBUG] cheese - login => username:admin,password:123456
[2019-07-21T19:58:55.665] [DEBUG] cheese - admin
[2019-07-21T19:58:55.672] [DEBUG] cheese - null
[2019-07-21T19:58:55.672] [DEBUG] cheese - null
[2019-07-22T08:23:47.384] [DEBUG] cheese - login => username:admin,password:123456
[2019-07-22T08:23:47.386] [DEBUG] cheese - admin
[2019-07-22T08:23:47.419] [DEBUG] cheese - null
[2019-07-22T08:23:47.419] [DEBUG] cheese - null
[2019-07-22T08:43:44.791] [DEBUG] cheese - login => username:admin,password:123456
[2019-07-22T08:43:44.791] [DEBUG] cheese - admin
[2019-07-22T08:43:44.826] [DEBUG] cheese - null
[2019-07-22T08:43:44.826] [DEBUG] cheese - null
[2019-07-22T08:44:15.647] [DEBUG] cheese - login => username:admin,password:123456
[2019-07-22T08:44:15.647] [DEBUG] cheese - admin
[2019-07-22T08:44:15.650] [DEBUG] cheese - null
[2019-07-22T08:44:15.650] [DEBUG] cheese - null
[2019-07-22T08:45:46.202] [DEBUG] cheese - login => username:admin,password:123456
[2019-07-22T08:45:46.202] [DEBUG] cheese - admin
[2019-07-22T08:45:46.205] [DEBUG] cheese - null
[2019-07-22T08:45:46.205] [DEBUG] cheese - null
[2019-07-22T13:42:12.286] [DEBUG] cheese - login => username:admin,password:123456
[2019-07-22T13:42:12.286] [DEBUG] cheese - admin
[2019-07-22T13:42:12.290] [DEBUG] cheese - null
[2019-07-22T13:42:12.290] [DEBUG] cheese - null
[2019-07-22T14:58:41.468] [DEBUG] cheese - login => username:admin,password:123456
[2019-07-22T14:58:41.468] [DEBUG] cheese - admin
[2019-07-22T14:58:41.472] [DEBUG] cheese - null
[2019-07-22T14:58:41.472] [DEBUG] cheese - null
[2019-07-22T16:09:58.825] [DEBUG] cheese - login => username:admin,password:123456
[2019-07-22T16:09:58.825] [DEBUG] cheese - admin
[2019-07-22T16:09:58.829] [DEBUG] cheese - null
[2019-07-22T16:09:58.829] [DEBUG] cheese - null
[2019-07-22T18:22:38.723] [DEBUG] cheese - login => username:admin,password:123456
[2019-07-22T18:22:38.723] [DEBUG] cheese - admin
[2019-07-22T18:22:38.727] [DEBUG] cheese - null
[2019-07-22T18:22:38.727] [DEBUG] cheese - null
[2019-07-22T18:25:44.211] [DEBUG] cheese - null
[2019-07-22T19:04:52.005] [DEBUG] cheese - login => username:admin,password:123456
[2019-07-22T19:04:52.005] [DEBUG] cheese - admin
[2019-07-22T19:04:52.009] [DEBUG] cheese - null
[2019-07-22T19:04:52.010] [DEBUG] cheese - null
[2019-07-23T13:07:48.842] [DEBUG] cheese - login => username:admin,password:123456
[2019-07-23T13:07:48.844] [DEBUG] cheese - admin
[2019-07-23T13:07:48.878] [DEBUG] cheese - null
[2019-07-23T13:07:48.878] [DEBUG] cheese - null
[2019-07-23T13:14:02.531] [DEBUG] cheese - login => username:admin,password:123456
[2019-07-23T13:14:02.531] [DEBUG] cheese - admin
[2019-07-23T13:14:02.534] [DEBUG] cheese - null
[2019-07-23T13:14:02.534] [DEBUG] cheese - null
[2019-07-23T13:58:04.675] [DEBUG] cheese - null
[2019-07-24T08:58:44.853] [DEBUG] cheese - login => username:admin,password:123456
[2019-07-24T08:58:44.856] [DEBUG] cheese - admin
[2019-07-24T08:58:44.888] [DEBUG] cheese - null
[2019-07-24T08:58:44.888] [DEBUG] cheese - null
[2019-07-24T09:03:22.159] [DEBUG] cheese - login => username:admin,password:123456
[2019-07-24T09:03:22.159] [DEBUG] cheese - admin
[2019-07-24T09:03:22.163] [DEBUG] cheese - null
[2019-07-24T09:03:22.163] [DEBUG] cheese - null
[2019-07-24T11:10:59.512] [DEBUG] cheese - login => username:admin,password:123456
[2019-07-24T11:10:59.512] [DEBUG] cheese - admin
[2019-07-24T11:10:59.515] [DEBUG] cheese - null
[2019-07-24T11:10:59.515] [DEBUG] cheese - null
[2019-07-24T20:21:43.863] [DEBUG] cheese - login => username:admin,password:123456
[2019-07-24T20:21:43.864] [DEBUG] cheese - admin
[2019-07-24T20:21:43.871] [DEBUG] cheese - null
[2019-07-24T20:21:43.872] [DEBUG] cheese - null
[2019-07-25T08:49:22.256] [DEBUG] cheese - login => username:admin,password:123456
[2019-07-25T08:49:22.258] [DEBUG] cheese - admin
[2019-07-25T08:49:22.295] [DEBUG] cheese - null
[2019-07-25T08:49:22.295] [DEBUG] cheese - null
[2019-07-25T09:37:19.188] [DEBUG] cheese - login => username:admin,password:123456
[2019-07-25T09:37:19.188] [DEBUG] cheese - admin
[2019-07-25T09:37:19.193] [DEBUG] cheese - null
[2019-07-25T09:37:19.193] [DEBUG] cheese - null
[2019-07-25T10:04:39.722] [DEBUG] cheese - login => username:admin,password:123456
[2019-07-25T10:04:39.722] [DEBUG] cheese - admin
[2019-07-25T10:04:39.727] [DEBUG] cheese - null
[2019-07-25T10:04:39.727] [DEBUG] cheese - null
[2019-07-25T10:18:52.569] [DEBUG] cheese - login => username:admin,password:123456
[2019-07-25T10:18:52.569] [DEBUG] cheese - admin
[2019-07-25T10:18:52.572] [DEBUG] cheese - null
[2019-07-25T10:18:52.572] [DEBUG] cheese - null
[2019-07-25T10:21:16.764] [DEBUG] cheese - login => username:admin,password:123456
[2019-07-25T10:21:16.764] [DEBUG] cheese - admin
[2019-07-25T10:21:16.768] [DEBUG] cheese - null
[2019-07-25T10:21:16.768] [DEBUG] cheese - null
[2019-07-25T10:22:03.018] [DEBUG] cheese - login => username:admin,password:123456
[2019-07-25T10:22:03.019] [DEBUG] cheese - admin
[2019-07-25T10:22:03.021] [DEBUG] cheese - null
[2019-07-25T10:22:03.021] [DEBUG] cheese - null
[2019-07-26T16:34:22.405] [DEBUG] cheese - login => username:admin,password:123456
[2019-07-26T16:34:22.407] [DEBUG] cheese - admin
[2019-07-26T16:34:22.448] [DEBUG] cheese - null
[2019-07-26T16:34:22.448] [DEBUG] cheese - null
[2019-07-26T16:40:32.604] [DEBUG] cheese - login => username:admin,password:123456
[2019-07-26T16:40:32.604] [DEBUG] cheese - admin
[2019-07-26T16:40:32.607] [DEBUG] cheese - null
[2019-07-26T16:40:32.607] [DEBUG] cheese - null
[2019-07-26T16:46:09.735] [DEBUG] cheese - login => username:admin,password:123456
[2019-07-26T16:46:09.735] [DEBUG] cheese - admin
[2019-07-26T16:46:09.740] [DEBUG] cheese - null
[2019-07-26T16:46:09.740] [DEBUG] cheese - null
[2019-07-26T17:47:51.313] [DEBUG] cheese - login => username:admin,password:123456
[2019-07-26T17:47:51.318] [DEBUG] cheese - admin
[2019-07-26T17:47:51.332] [DEBUG] cheese - null
[2019-07-26T17:47:51.332] [DEBUG] cheese - null
[2019-07-26T18:01:11.734] [DEBUG] cheese - login => username:admin,password:123456
[2019-07-26T18:01:11.736] [DEBUG] cheese - admin
[2019-07-26T18:01:11.749] [DEBUG] cheese - null
[2019-07-26T18:01:11.750] [DEBUG] cheese - null
[2019-07-26T18:07:32.097] [DEBUG] cheese - login => username:admin,password:123456
[2019-07-26T18:07:32.097] [DEBUG] cheese - admin
[2019-07-26T18:07:32.101] [DEBUG] cheese - null
[2019-07-26T18:07:32.102] [DEBUG] cheese - null
[2019-07-26T19:01:16.759] [DEBUG] cheese - login => username:admin,password:123456
[2019-07-26T19:01:16.760] [DEBUG] cheese - admin
[2019-07-26T19:01:16.774] [DEBUG] cheese - null
[2019-07-26T19:01:16.774] [DEBUG] cheese - null
